Using pre-set license
Built from '2020.3/staging' branch; Version is '2020.3.6f1 (338bb68529b2) revision 3378102'; Using compiler version '192528614'; Build Type 'Release'
OS: 'Windows 10 Pro; OS build 19041.1052; Version 2004; 64bit' Language: 'pt' Physical Memory: 16244 MB
BatchMode: 1, IsHumanControllingUs: 0, StartBugReporterOnCrash: 0, Is64bit: 1, IsPro: 0

 COMMAND LINE ARGUMENTS:
C:\Program Files\Unity\Hub\Editor\2020.3.6f1\Editor\Unity.exe
-adb2
-batchMode
-noUpm
-name
AssetImportWorker0
-projectPath
C:/Users/victo/Unity/fastlap
-logFile
Logs/AssetImportWorker0.log
-srvPort
60289
Successfully changed project path to: C:/Users/victo/Unity/fastlap
C:/Users/victo/Unity/fastlap
Using Asset Import Pipeline V2.
Refreshing native plugins compatible for Editor in 349.46 ms, found 0 plugins.
Preloading 0 native plugins for Editor in 0.00 ms.
Initialize engine version: 2020.3.6f1 (338bb68529b2)
[Subsystems] Discovering subsystems at path C:/Program Files/Unity/Hub/Editor/2020.3.6f1/Editor/Data/Resources/UnitySubsystems
[Subsystems] Discovering subsystems at path C:/Users/victo/Unity/fastlap/Assets
GfxDevice: creating device client; threaded=0
Direct3D:
    Version:  Direct3D 11.0 [level 11.1]
    Renderer: NVIDIA GeForce GTX 960 (ID=0x1401)
    Vendor:   
    VRAM:     4053 MB
    Driver:   27.21.14.6172
Initialize mono
Mono path[0] = 'C:/Program Files/Unity/Hub/Editor/2020.3.6f1/Editor/Data/Managed'
Mono path[1] = 'C:/Program Files/Unity/Hub/Editor/2020.3.6f1/Editor/Data/MonoBleedingEdge/lib/mono/unityjit'
Mono config path = 'C:/Program Files/Unity/Hub/Editor/2020.3.6f1/Editor/Data/MonoBleedingEdge/etc'
Using monoOptions --debugger-agent=transport=dt_socket,embedding=1,server=y,suspend=n,address=127.0.0.1:56800
Begin MonoManager ReloadAssembly
Registering precompiled unity dll's ...
Register platform support module: C:/Program Files/Unity/Hub/Editor/2020.3.6f1/Editor/Data/PlaybackEngines/WindowsStandaloneSupport/UnityEditor.WindowsStandalone.Extensions.dll
Registered in 0.001995 seconds.
Native extension for WindowsStandalone target not found
Refreshing native plugins compatible for Editor in 64.71 ms, found 0 plugins.
Preloading 0 native plugins for Editor in 0.00 ms.
Mono: successfully reloaded assembly
- Completed reload, in  1.299 seconds
Platform modules already initialized, skipping
Registering precompiled user dll's ...
Registered in 0.002655 seconds.
Begin MonoManager ReloadAssembly
Native extension for WindowsStandalone target not found
Refreshing native plugins compatible for Editor in 0.93 ms, found 0 plugins.
Preloading 0 native plugins for Editor in 0.00 ms.
Mono: successfully reloaded assembly
- Completed reload, in  1.691 seconds
Platform modules already initialized, skipping
========================================================================
Worker process is ready to serve import requests
Launched and connected shader compiler UnityShaderCompiler.exe after 0.07 seconds
Refreshing native plugins compatible for Editor in 0.57 ms, found 0 plugins.
Preloading 0 native plugins for Editor in 0.00 ms.
Unloading 1726 Unused Serialized files (Serialized files now loaded: 0)
System memory in use before: 118.1 MB.
System memory in use after: 118.2 MB.

Unloading 42 unused Assets to reduce memory usage. Loaded Objects now: 2188.
Total: 5.445900 ms (FindLiveObjects: 0.168400 ms CreateObjectMapping: 0.105000 ms MarkObjects: 4.949200 ms  DeleteObjects: 0.222500 ms)

========================================================================
Received Import Request.
  path: Assets/template/Mobile City/primary.mat
  artifactKey: Guid(09c31027026250c41bcf4a253578ad85) Importer(815301076,1909f56bfc062723c751e8b465ee728b)
Start importing Assets/template/Mobile City/primary.mat using Guid(09c31027026250c41bcf4a253578ad85) Importer(815301076,1909f56bfc062723c751e8b465ee728b)  -> (artifact id: '96f6266eee27f059bf5cf85feaad7f5b') in 0.170943 seconds
  Import took 0.175379 seconds .

========================================================================
Received Import Request.
  Time since last request: 0.000594 seconds.
  path: Assets/template/Mobile City/nodamage_lod0.png
  artifactKey: Guid(adba859467ac279428ba0f7ae73a3236) Importer(815301076,1909f56bfc062723c751e8b465ee728b)
Start importing Assets/template/Mobile City/nodamage_lod0.png using Guid(adba859467ac279428ba0f7ae73a3236) Importer(815301076,1909f56bfc062723c751e8b465ee728b)  -> (artifact id: 'a36dd7f968417b97a44ba36e12aa3658') in 0.090128 seconds
  Import took 0.094341 seconds .

========================================================================
Received Import Request.
  Time since last request: 0.000149 seconds.
  path: Assets/template/Mobile City/New Material.mat
  artifactKey: Guid(27c6a20020220c745b34a262a4335ea9) Importer(815301076,1909f56bfc062723c751e8b465ee728b)
Start importing Assets/template/Mobile City/New Material.mat using Guid(27c6a20020220c745b34a262a4335ea9) Importer(815301076,1909f56bfc062723c751e8b465ee728b)  -> (artifact id: '9fc6600ab92661878b0c1e9a530398f6') in 0.017644 seconds
  Import took 0.021560 seconds .

========================================================================
Received Import Request.
  Time since last request: 0.000257 seconds.
  path: Assets/template/Mobile City/smoke.prefab
  artifactKey: Guid(9f11ccd272bf8374787692d5e4a7d55d) Importer(815301076,1909f56bfc062723c751e8b465ee728b)
Start importing Assets/template/Mobile City/smoke.prefab using Guid(9f11ccd272bf8374787692d5e4a7d55d) Importer(815301076,1909f56bfc062723c751e8b465ee728b)  -> (artifact id: '323fdeef196580a7d5ea4fc0a4b27263') in 0.057486 seconds
  Import took 0.061961 seconds .

========================================================================
Received Import Request.
  Time since last request: 205.577095 seconds.
  path: Assets/sounds/Free Loops/musicaboa.mp3
  artifactKey: Guid(62a6ed48c172d0142b68e2b17d410e65) Importer(815301076,1909f56bfc062723c751e8b465ee728b)
Start importing Assets/sounds/Free Loops/musicaboa.mp3 using Guid(62a6ed48c172d0142b68e2b17d410e65) Importer(815301076,1909f56bfc062723c751e8b465ee728b)  -> (artifact id: '8ac0fe0aeee6c0689cf6879dc2fe1513') in 0.041626 seconds
  Import took 0.046144 seconds .

========================================================================
Received Prepare
Registering precompiled user dll's ...
Registered in 0.002278 seconds.
Begin MonoManager ReloadAssembly
Native extension for WindowsStandalone target not found
Refreshing native plugins compatible for Editor in 0.61 ms, found 0 plugins.
Preloading 0 native plugins for Editor in 0.00 ms.
Mono: successfully reloaded assembly
- Completed reload, in  1.076 seconds
Platform modules already initialized, skipping
Refreshing native plugins compatible for Editor in 0.77 ms, found 0 plugins.
Preloading 0 native plugins for Editor in 0.00 ms.
Unloading 1704 Unused Serialized files (Serialized files now loaded: 0)
System memory in use before: 119.7 MB.
System memory in use after: 119.8 MB.

Unloading 33 unused Assets to reduce memory usage. Loaded Objects now: 2234.
Total: 7.385800 ms (FindLiveObjects: 0.213800 ms CreateObjectMapping: 0.067700 ms MarkObjects: 7.069100 ms  DeleteObjects: 0.033400 ms)

========================================================================
Received Import Request.
  Time since last request: 260.355022 seconds.
  path: Assets/Scripts/AI
  artifactKey: Guid(48498db55b2b5974e87485b3b4c80c87) Importer(815301076,1909f56bfc062723c751e8b465ee728b)
Start importing Assets/Scripts/AI using Guid(48498db55b2b5974e87485b3b4c80c87) Importer(815301076,1909f56bfc062723c751e8b465ee728b)  -> (artifact id: 'e81855bc86ad15959580132d420e5ef3') in 0.013498 seconds
  Import took 0.018075 seconds .

========================================================================
Received Import Request.
  Time since last request: 0.002413 seconds.
  path: Assets/Scripts/AI
  artifactKey: Guid(48498db55b2b5974e87485b3b4c80c87) Importer(815301076,1909f56bfc062723c751e8b465ee728b)
Start importing Assets/Scripts/AI using Guid(48498db55b2b5974e87485b3b4c80c87) Importer(815301076,1909f56bfc062723c751e8b465ee728b)  -> (artifact id: 'e81855bc86ad15959580132d420e5ef3') in 0.002274 seconds
  Import took 0.005936 seconds .

========================================================================
Received Import Request.
  Time since last request: 1.755786 seconds.
  path: Assets/Scripts/AI/CarMovementSecondScene.cs
  artifactKey: Guid(fb34a72efc74ff04ba2a416d7c346b19) Importer(815301076,1909f56bfc062723c751e8b465ee728b)
Start importing Assets/Scripts/AI/CarMovementSecondScene.cs using Guid(fb34a72efc74ff04ba2a416d7c346b19) Importer(815301076,1909f56bfc062723c751e8b465ee728b)  -> (artifact id: 'c76ed97feba8788026a95be0d6d739ab') in 0.037982 seconds
  Import took 0.041229 seconds .

========================================================================
Received Prepare
Registering precompiled user dll's ...
Registered in 0.005586 seconds.
Begin MonoManager ReloadAssembly
Native extension for WindowsStandalone target not found
Refreshing native plugins compatible for Editor in 0.93 ms, found 0 plugins.
Preloading 0 native plugins for Editor in 0.00 ms.
Mono: successfully reloaded assembly
- Completed reload, in  1.223 seconds
Platform modules already initialized, skipping
Refreshing native plugins compatible for Editor in 0.59 ms, found 0 plugins.
Preloading 0 native plugins for Editor in 0.00 ms.
Unloading 1704 Unused Serialized files (Serialized files now loaded: 0)
System memory in use before: 119.7 MB.
System memory in use after: 119.8 MB.

Unloading 33 unused Assets to reduce memory usage. Loaded Objects now: 2237.
Total: 7.204600 ms (FindLiveObjects: 0.460500 ms CreateObjectMapping: 0.188300 ms MarkObjects: 6.515200 ms  DeleteObjects: 0.038700 ms)

========================================================================
Received Import Request.
  Time since last request: 23.530706 seconds.
  path: Assets/Scripts/AI/halfLapCompleAI1.cs
  artifactKey: Guid(a2b8021085300d34795d2e068d6a737a) Importer(815301076,1909f56bfc062723c751e8b465ee728b)
Start importing Assets/Scripts/AI/halfLapCompleAI1.cs using Guid(a2b8021085300d34795d2e068d6a737a) Importer(815301076,1909f56bfc062723c751e8b465ee728b)  -> (artifact id: 'd6611792e25537624566259d7a109d06') in 0.011113 seconds
  Import took 0.015217 seconds .

========================================================================
Received Import Request.
  Time since last request: 0.000269 seconds.
  path: Assets/Scripts/AI/GettingDistance.cs
  artifactKey: Guid(a36800acd1e0dae4c9ae676d524505c9) Importer(815301076,1909f56bfc062723c751e8b465ee728b)
Start importing Assets/Scripts/AI/GettingDistance.cs using Guid(a36800acd1e0dae4c9ae676d524505c9) Importer(815301076,1909f56bfc062723c751e8b465ee728b)  -> (artifact id: '66e5ecca483489c38f80340af7aa1eab') in 0.008405 seconds
  Import took 0.012899 seconds .

========================================================================
Received Import Request.
  Time since last request: 1.476940 seconds.
  path: Assets/Scripts/AI/halfLapCompleteAI2.cs
  artifactKey: Guid(303f90afed47e6c4ca030397db242dc4) Importer(815301076,1909f56bfc062723c751e8b465ee728b)
Start importing Assets/Scripts/AI/halfLapCompleteAI2.cs using Guid(303f90afed47e6c4ca030397db242dc4) Importer(815301076,1909f56bfc062723c751e8b465ee728b)  -> (artifact id: 'eea8ffca3576df26601e618f5a63fb3c') in 0.006996 seconds
  Import took 0.010831 seconds .

========================================================================
Received Import Request.
  Time since last request: 0.799853 seconds.
  path: Assets/Scripts/AI/halfLapCompleteAI3.cs
  artifactKey: Guid(ebc40e0a4ca739b469224fee90291514) Importer(815301076,1909f56bfc062723c751e8b465ee728b)
Start importing Assets/Scripts/AI/halfLapCompleteAI3.cs using Guid(ebc40e0a4ca739b469224fee90291514) Importer(815301076,1909f56bfc062723c751e8b465ee728b)  -> (artifact id: '31b03f3fd902667b3d5bb022c2e154db') in 0.007098 seconds
  Import took 0.011669 seconds .

========================================================================
Received Import Request.
  Time since last request: 0.679130 seconds.
  path: Assets/Scripts/AI/LapCOmpleteAI1.cs
  artifactKey: Guid(a2411d3c4008d8046af4503948ea0e48) Importer(815301076,1909f56bfc062723c751e8b465ee728b)
Start importing Assets/Scripts/AI/LapCOmpleteAI1.cs using Guid(a2411d3c4008d8046af4503948ea0e48) Importer(815301076,1909f56bfc062723c751e8b465ee728b)  -> (artifact id: 'a3af7a1cc042c03a96fe5624cf77b237') in 0.011936 seconds
  Import took 0.016686 seconds .

========================================================================
Received Import Request.
  Time since last request: 0.720460 seconds.
  path: Assets/Scripts/AI/LapCompleteAI2.cs
  artifactKey: Guid(894de9aa9b1640e4e93f15176c0a98ec) Importer(815301076,1909f56bfc062723c751e8b465ee728b)
Start importing Assets/Scripts/AI/LapCompleteAI2.cs using Guid(894de9aa9b1640e4e93f15176c0a98ec) Importer(815301076,1909f56bfc062723c751e8b465ee728b)  -> (artifact id: '9998432be892664b4289a03220c1e627') in 0.006816 seconds
  Import took 0.009813 seconds .

========================================================================
Received Import Request.
  Time since last request: 0.791933 seconds.
  path: Assets/Scripts/AI/Path.cs
  artifactKey: Guid(b71b54a61d697a9428b9f143ecfc2ca7) Importer(815301076,1909f56bfc062723c751e8b465ee728b)
Start importing Assets/Scripts/AI/Path.cs using Guid(b71b54a61d697a9428b9f143ecfc2ca7) Importer(815301076,1909f56bfc062723c751e8b465ee728b)  -> (artifact id: '415c62b5974acce9c89fe6d854677337') in 0.010069 seconds
  Import took 0.015202 seconds .

========================================================================
Received Import Request.
  Time since last request: 61.193815 seconds.
  path: Assets/Scripts/AI/CarEngine.cs
  artifactKey: Guid(3a1e5cd6a60b3e340b3791e45ae2d0e0) Importer(815301076,1909f56bfc062723c751e8b465ee728b)
Start importing Assets/Scripts/AI/CarEngine.cs using Guid(3a1e5cd6a60b3e340b3791e45ae2d0e0) Importer(815301076,1909f56bfc062723c751e8b465ee728b)  -> (artifact id: '7561011873c55dd830c4318cb72daf2c') in 0.006681 seconds
  Import took 0.010219 seconds .

========================================================================
Received Prepare
Registering precompiled user dll's ...
Registered in 0.002344 seconds.
Begin MonoManager ReloadAssembly
Native extension for WindowsStandalone target not found
Refreshing native plugins compatible for Editor in 0.96 ms, found 0 plugins.
Preloading 0 native plugins for Editor in 0.00 ms.
Mono: successfully reloaded assembly
- Completed reload, in  1.306 seconds
Platform modules already initialized, skipping
Refreshing native plugins compatible for Editor in 1.93 ms, found 0 plugins.
Preloading 0 native plugins for Editor in 0.00 ms.
Unloading 1704 Unused Serialized files (Serialized files now loaded: 0)
System memory in use before: 119.7 MB.
System memory in use after: 119.9 MB.

Unloading 33 unused Assets to reduce memory usage. Loaded Objects now: 2240.
Total: 4.817600 ms (FindLiveObjects: 0.303700 ms CreateObjectMapping: 0.075100 ms MarkObjects: 4.411500 ms  DeleteObjects: 0.025700 ms)

========================================================================
Received Import Request.
  Time since last request: 1446.367735 seconds.
  path: Assets/Scripts/Menu/MainMenu.cs
  artifactKey: Guid(9d10c266f09c3bb4baf6b4d8564a6cc0) Importer(815301076,1909f56bfc062723c751e8b465ee728b)
Start importing Assets/Scripts/Menu/MainMenu.cs using Guid(9d10c266f09c3bb4baf6b4d8564a6cc0) Importer(815301076,1909f56bfc062723c751e8b465ee728b)  -> (artifact id: 'eda4b73642cb323aadf35c3467ae9a5c') in 0.012733 seconds
  Import took 0.016798 seconds .

========================================================================
Received Import Request.
  Time since last request: 0.003383 seconds.
  path: Assets/Scripts/Menu/MainMenu.cs
  artifactKey: Guid(9d10c266f09c3bb4baf6b4d8564a6cc0) Importer(815301076,1909f56bfc062723c751e8b465ee728b)
Start importing Assets/Scripts/Menu/MainMenu.cs using Guid(9d10c266f09c3bb4baf6b4d8564a6cc0) Importer(815301076,1909f56bfc062723c751e8b465ee728b)  -> (artifact id: 'eda4b73642cb323aadf35c3467ae9a5c') in 0.002973 seconds
  Import took 0.005963 seconds .

========================================================================
Received Import Request.
  Time since last request: 41.777714 seconds.
  path: Assets/Fonts/LuckiestGuy.ttf
  artifactKey: Guid(6e6a797cbfb2c9c4681aaa994a372c1a) Importer(815301076,1909f56bfc062723c751e8b465ee728b)
Start importing Assets/Fonts/LuckiestGuy.ttf using Guid(6e6a797cbfb2c9c4681aaa994a372c1a) Importer(815301076,1909f56bfc062723c751e8b465ee728b)  -> (artifact id: 'e7c66ee123d3c2bbd8c7735cfd3df3aa') in 0.142286 seconds
  Import took 0.146314 seconds .

========================================================================
Received Import Request.
  Time since last request: 0.000242 seconds.
  path: Assets/Fonts/Unipix.ttf
  artifactKey: Guid(1f16052dfd5f6f54e94e97ecedd4c86b) Importer(815301076,1909f56bfc062723c751e8b465ee728b)
Start importing Assets/Fonts/Unipix.ttf using Guid(1f16052dfd5f6f54e94e97ecedd4c86b) Importer(815301076,1909f56bfc062723c751e8b465ee728b)  -> (artifact id: '43ff70bcf8abeaea67cd08c646f270d0') in 0.017672 seconds
  Import took 0.021506 seconds .

========================================================================
Received Import Request.
  Time since last request: 0.000215 seconds.
  path: Assets/Fonts/LuckiestGuy.ttf
  artifactKey: Guid(6e6a797cbfb2c9c4681aaa994a372c1a) Importer(815301076,1909f56bfc062723c751e8b465ee728b)
Start importing Assets/Fonts/LuckiestGuy.ttf using Guid(6e6a797cbfb2c9c4681aaa994a372c1a) Importer(815301076,1909f56bfc062723c751e8b465ee728b)  -> (artifact id: 'e7c66ee123d3c2bbd8c7735cfd3df3aa') in 0.010494 seconds
  Import took 0.014186 seconds .

========================================================================
Received Import Request.
  Time since last request: 0.927405 seconds.
  path: Assets/Fonts/OpenSans/OpenSansBold.ttf
  artifactKey: Guid(87c316b602156405d92e616621658222) Importer(815301076,1909f56bfc062723c751e8b465ee728b)
Start importing Assets/Fonts/OpenSans/OpenSansBold.ttf using Guid(87c316b602156405d92e616621658222) Importer(815301076,1909f56bfc062723c751e8b465ee728b)  -> (artifact id: '171b760955290433aaf151869f950800') in 0.015877 seconds
  Import took 0.019250 seconds .

========================================================================
Received Import Request.
  Time since last request: 0.000215 seconds.
  path: Assets/Fonts/OpenSans/OpenSansRegular.ttf
  artifactKey: Guid(b51a3e520f9164da198dc59c8acfccd6) Importer(815301076,1909f56bfc062723c751e8b465ee728b)
Start importing Assets/Fonts/OpenSans/OpenSansRegular.ttf using Guid(b51a3e520f9164da198dc59c8acfccd6) Importer(815301076,1909f56bfc062723c751e8b465ee728b)  -> (artifact id: '53a8b5ee4982c36ff61b80d9c2db5e29') in 0.016156 seconds
  Import took 0.019814 seconds .

========================================================================
Received Import Request.
  Time since last request: 0.000274 seconds.
  path: Assets/Fonts/OpenSans/OpenSansSemibold.ttf
  artifactKey: Guid(01cd679a1b9ee48bf9c546f6ce2cb97e) Importer(815301076,1909f56bfc062723c751e8b465ee728b)
Start importing Assets/Fonts/OpenSans/OpenSansSemibold.ttf using Guid(01cd679a1b9ee48bf9c546f6ce2cb97e) Importer(815301076,1909f56bfc062723c751e8b465ee728b)  -> (artifact id: 'f7f682f2490532aaa2b8beabaae2e719') in 0.021486 seconds
  Import took 0.026578 seconds .

========================================================================
Received Import Request.
  Time since last request: 0.000208 seconds.
  path: Assets/Fonts/OpenSans/OpenSansBold.ttf
  artifactKey: Guid(87c316b602156405d92e616621658222) Importer(815301076,1909f56bfc062723c751e8b465ee728b)
Start importing Assets/Fonts/OpenSans/OpenSansBold.ttf using Guid(87c316b602156405d92e616621658222) Importer(815301076,1909f56bfc062723c751e8b465ee728b)  -> (artifact id: '171b760955290433aaf151869f950800') in 0.011223 seconds
  Import took 0.014982 seconds .

========================================================================
Received Import Request.
  Time since last request: 0.000163 seconds.
  path: Assets/Fonts/OpenSans/OpenSansLight.ttf
  artifactKey: Guid(04a842e316b6f44bf8da702de26a8ed6) Importer(815301076,1909f56bfc062723c751e8b465ee728b)
Start importing Assets/Fonts/OpenSans/OpenSansLight.ttf using Guid(04a842e316b6f44bf8da702de26a8ed6) Importer(815301076,1909f56bfc062723c751e8b465ee728b)  -> (artifact id: '711b85632e01597680251a462782bb16') in 0.016778 seconds
  Import took 0.019928 seconds .

========================================================================
Received Import Request.
  Time since last request: 65.862864 seconds.
  path: Assets/Fonts/Blazed.ttf
  artifactKey: Guid(e2e1de39898ba4f4087cf56af21a295d) Importer(815301076,1909f56bfc062723c751e8b465ee728b)
Start importing Assets/Fonts/Blazed.ttf using Guid(e2e1de39898ba4f4087cf56af21a295d) Importer(815301076,1909f56bfc062723c751e8b465ee728b)  -> (artifact id: '4a4f584ed4fa2aad4d2c323e8cbaa794') in 0.034561 seconds
  Import took 0.039163 seconds .

========================================================================
Received Import Request.
  Time since last request: 288.382015 seconds.
  path: Assets/Sprites/5ad0352065b52d80c373729d7d7934fe.jpg
  artifactKey: Guid(9ed8d9cc9db0ac44e9005331de8cf9f1) Importer(815301076,1909f56bfc062723c751e8b465ee728b)
Start importing Assets/Sprites/5ad0352065b52d80c373729d7d7934fe.jpg using Guid(9ed8d9cc9db0ac44e9005331de8cf9f1) Importer(815301076,1909f56bfc062723c751e8b465ee728b)  -> (artifact id: '94977355850b0cdf28a3d130a8645540') in 0.034620 seconds
  Import took 0.038780 seconds .

========================================================================
Received Import Request.
  Time since last request: 0.000249 seconds.
  path: Assets/Sprites/ButtonBrakeUpSprite.png
  artifactKey: Guid(827c9cd4a3943534f909ac6473e17288) Importer(815301076,1909f56bfc062723c751e8b465ee728b)
Start importing Assets/Sprites/ButtonBrakeUpSprite.png using Guid(827c9cd4a3943534f909ac6473e17288) Importer(815301076,1909f56bfc062723c751e8b465ee728b)  -> (artifact id: 'f41008ec973d1edfd9b89eb57e30e4ca') in 0.013722 seconds
  Import took 0.017103 seconds .

========================================================================
Received Import Request.
  Time since last request: 0.000176 seconds.
  path: Assets/Sprites/kisspng-car-race-track-auto-racing-clip-art-track-5ac025a357b9c3.5678030915225419873593.jpg
  artifactKey: Guid(43b9d2c5262c3c04893ccca9eb2f32a2) Importer(815301076,1909f56bfc062723c751e8b465ee728b)
Start importing Assets/Sprites/kisspng-car-race-track-auto-racing-clip-art-track-5ac025a357b9c3.5678030915225419873593.jpg using Guid(43b9d2c5262c3c04893ccca9eb2f32a2) Importer(815301076,1909f56bfc062723c751e8b465ee728b)  -> (artifact id: '07a3d72cc668e5f6b878e5f0c990bdfe') in 0.033387 seconds
  Import took 0.036483 seconds .

========================================================================
Received Import Request.
  Time since last request: 0.000206 seconds.
  path: Assets/Sprites/play.png
  artifactKey: Guid(6fb8cfb9f09fd8b4d900a30463664ad2) Importer(815301076,1909f56bfc062723c751e8b465ee728b)
Start importing Assets/Sprites/play.png using Guid(6fb8cfb9f09fd8b4d900a30463664ad2) Importer(815301076,1909f56bfc062723c751e8b465ee728b)  -> (artifact id: 'f8f42f1f1669692c65472ac9d7e5a8a4') in 0.014843 seconds
  Import took 0.017818 seconds .

========================================================================
Received Import Request.
  Time since last request: 0.000221 seconds.
  path: Assets/Decals/startline.psd
  artifactKey: Guid(87862cbec75f7c0478fd68e00508d8e2) Importer(815301076,1909f56bfc062723c751e8b465ee728b)
Start importing Assets/Decals/startline.psd using Guid(87862cbec75f7c0478fd68e00508d8e2) Importer(815301076,1909f56bfc062723c751e8b465ee728b)  -> (artifact id: 'dbecd87f06992f8a7f7eb0d538e4f967') in 0.063312 seconds
  Import took 0.066346 seconds .

========================================================================
Received Import Request.
  Time since last request: 0.000143 seconds.
  path: Assets/Sprites/SliderHandleSprite.png
  artifactKey: Guid(0626b924325d1c34cafa6b22297f4e4f) Importer(815301076,1909f56bfc062723c751e8b465ee728b)
Start importing Assets/Sprites/SliderHandleSprite.png using Guid(0626b924325d1c34cafa6b22297f4e4f) Importer(815301076,1909f56bfc062723c751e8b465ee728b)  -> (artifact id: '8f0891f1b042f1720fda0023b05d95c6') in 0.017869 seconds
  Import took 0.020751 seconds .

========================================================================
Received Import Request.
  Time since last request: 0.000189 seconds.
  path: Assets/Sprites/ButtonThumbstickOverSprite.png
  artifactKey: Guid(5485e2f56028a3c4cb54f5caa167377e) Importer(815301076,1909f56bfc062723c751e8b465ee728b)
Start importing Assets/Sprites/ButtonThumbstickOverSprite.png using Guid(5485e2f56028a3c4cb54f5caa167377e) Importer(815301076,1909f56bfc062723c751e8b465ee728b)  -> (artifact id: '88ef848b7cdd083ba2d5212910d98b80') in 0.014272 seconds
  Import took 0.017778 seconds .

========================================================================
Received Import Request.
  Time since last request: 0.000158 seconds.
  path: Assets/Sprites/home.png
  artifactKey: Guid(345f6131b7dec5741bcebaf742f9b10c) Importer(815301076,1909f56bfc062723c751e8b465ee728b)
Start importing Assets/Sprites/home.png using Guid(345f6131b7dec5741bcebaf742f9b10c) Importer(815301076,1909f56bfc062723c751e8b465ee728b)  -> (artifact id: '0cb5d94f13c7dc68f5806b1f2de2bbb0') in 0.015757 seconds
  Import took 0.018803 seconds .

========================================================================
Received Import Request.
  Time since last request: 0.000143 seconds.
  path: Assets/Sprites/ButtonTimescaleFullUpSprite.png
  artifactKey: Guid(0c6271a290ef75b4c97d58746c86c5b8) Importer(815301076,1909f56bfc062723c751e8b465ee728b)
Start importing Assets/Sprites/ButtonTimescaleFullUpSprite.png using Guid(0c6271a290ef75b4c97d58746c86c5b8) Importer(815301076,1909f56bfc062723c751e8b465ee728b)  -> (artifact id: '0515980bc021390e5b215fba85da3200') in 0.015294 seconds
  Import took 0.018544 seconds .

========================================================================
Received Import Request.
  Time since last request: 0.000275 seconds.
  path: Assets/Sprites/settings.png
  artifactKey: Guid(ebb695fe10d474d42b233a7135583724) Importer(815301076,1909f56bfc062723c751e8b465ee728b)
Start importing Assets/Sprites/settings.png using Guid(ebb695fe10d474d42b233a7135583724) Importer(815301076,1909f56bfc062723c751e8b465ee728b)  -> (artifact id: '80a2539c8d2ffd6e7d091fbb9b57ad16') in 0.014442 seconds
  Import took 0.017891 seconds .

========================================================================
Received Import Request.
  Time since last request: 0.000160 seconds.
  path: Assets/Sprites/pause.png
  artifactKey: Guid(6e9c9a0d9e860574f913606c5a8985e5) Importer(815301076,1909f56bfc062723c751e8b465ee728b)
Start importing Assets/Sprites/pause.png using Guid(6e9c9a0d9e860574f913606c5a8985e5) Importer(815301076,1909f56bfc062723c751e8b465ee728b)  -> (artifact id: '99c9eec6e1b1e75ed77586941244a213') in 0.036809 seconds
  Import took 0.041340 seconds .

========================================================================
Received Import Request.
  Time since last request: 0.000141 seconds.
  path: Assets/Sprites/ButtonTimescaleSlowUpSprite.png
  artifactKey: Guid(9d7c6e4896067aa4fa512a00f692ac1c) Importer(815301076,1909f56bfc062723c751e8b465ee728b)
Start importing Assets/Sprites/ButtonTimescaleSlowUpSprite.png using Guid(9d7c6e4896067aa4fa512a00f692ac1c) Importer(815301076,1909f56bfc062723c751e8b465ee728b)  -> (artifact id: '13ee431d66d73b951c5ee625973e27ab') in 0.013379 seconds
  Import took 0.016143 seconds .

========================================================================
Received Import Request.
  Time since last request: 0.000158 seconds.
  path: Assets/Sprites/ButtonArrowOverSprite.png
  artifactKey: Guid(49b611e658efbf443b686a4036f74fe3) Importer(815301076,1909f56bfc062723c751e8b465ee728b)
Start importing Assets/Sprites/ButtonArrowOverSprite.png using Guid(49b611e658efbf443b686a4036f74fe3) Importer(815301076,1909f56bfc062723c751e8b465ee728b)  -> (artifact id: '8446d5cc2794726c386693e378cbad0c') in 0.015558 seconds
  Import took 0.019168 seconds .

========================================================================
Received Import Request.
  Time since last request: 0.000231 seconds.
  path: Assets/Sprites/Flag.png
  artifactKey: Guid(4e6c07398121d0349b5f5fa5d15c05aa) Importer(815301076,1909f56bfc062723c751e8b465ee728b)
Start importing Assets/Sprites/Flag.png using Guid(4e6c07398121d0349b5f5fa5d15c05aa) Importer(815301076,1909f56bfc062723c751e8b465ee728b)  -> (artifact id: '797f1147cfd6ecc4be4669ab7f6fc860') in 0.020936 seconds
  Import took 0.024724 seconds .

========================================================================
Received Import Request.
  Time since last request: 0.000235 seconds.
  path: Assets/Sprites/ButtonBrakeOverSprite.png
  artifactKey: Guid(5b1a64ea234fb2343b8d0686c51280de) Importer(815301076,1909f56bfc062723c751e8b465ee728b)
Start importing Assets/Sprites/ButtonBrakeOverSprite.png using Guid(5b1a64ea234fb2343b8d0686c51280de) Importer(815301076,1909f56bfc062723c751e8b465ee728b)  -> (artifact id: 'cbae7d84d8ffc88bae96c22999cee586') in 0.014257 seconds
  Import took 0.017548 seconds .

========================================================================
Received Import Request.
  Time since last request: 0.000150 seconds.
  path: Assets/Sprites/ButtonSpacebarSprite.png
  artifactKey: Guid(3d8675433a508ec47b8f895201eacf20) Importer(815301076,1909f56bfc062723c751e8b465ee728b)
Start importing Assets/Sprites/ButtonSpacebarSprite.png using Guid(3d8675433a508ec47b8f895201eacf20) Importer(815301076,1909f56bfc062723c751e8b465ee728b)  -> (artifact id: 'c5ab84d8125f614c012404fb330ed090') in 0.013149 seconds
  Import took 0.015940 seconds .

========================================================================
Received Import Request.
  Time since last request: 0.000219 seconds.
  path: Assets/Sprites/profile.png
  artifactKey: Guid(7ab8ec34130d6de468288977a28a39b9) Importer(815301076,1909f56bfc062723c751e8b465ee728b)
Start importing Assets/Sprites/profile.png using Guid(7ab8ec34130d6de468288977a28a39b9) Importer(815301076,1909f56bfc062723c751e8b465ee728b)  -> (artifact id: '1ccc20e3ada8c8699db919a2e4c9a33d') in 0.012293 seconds
  Import took 0.015427 seconds .

========================================================================
Received Import Request.
  Time since last request: 0.000149 seconds.
  path: Assets/Sprites/circle.png
  artifactKey: Guid(3f47655c0c5893a4e8a741a701b314d0) Importer(815301076,1909f56bfc062723c751e8b465ee728b)
Start importing Assets/Sprites/circle.png using Guid(3f47655c0c5893a4e8a741a701b314d0) Importer(815301076,1909f56bfc062723c751e8b465ee728b)  -> (artifact id: '2eff5277b6fdde3c09acedbfd40ca693') in 0.015270 seconds
  Import took 0.018296 seconds .

========================================================================
Received Import Request.
  Time since last request: 0.000158 seconds.
  path: Assets/Sprites/SliderBackgroundSprite.png
  artifactKey: Guid(ea5873cfd9158664f89459f0c9e1d853) Importer(815301076,1909f56bfc062723c751e8b465ee728b)
Start importing Assets/Sprites/SliderBackgroundSprite.png using Guid(ea5873cfd9158664f89459f0c9e1d853) Importer(815301076,1909f56bfc062723c751e8b465ee728b)  -> (artifact id: '01fe32cce80abcb0f4d482744367404d') in 0.013679 seconds
  Import took 0.016554 seconds .

========================================================================
Received Import Request.
  Time since last request: 0.000160 seconds.
  path: Assets/Sprites/racing-car-bolide-cartoon-illustration-funny-vehicle-comic-mascot-character-37720092.jpg
  artifactKey: Guid(7cf4953e6f62fe74ba6c02afa15193ed) Importer(815301076,1909f56bfc062723c751e8b465ee728b)
Start importing Assets/Sprites/racing-car-bolide-cartoon-illustration-funny-vehicle-comic-mascot-character-37720092.jpg using Guid(7cf4953e6f62fe74ba6c02afa15193ed) Importer(815301076,1909f56bfc062723c751e8b465ee728b)  -> (artifact id: 'de12c5c5aebd7088c247abe8d054e18a') in 0.020155 seconds
  Import took 0.023176 seconds .

========================================================================
Received Import Request.
  Time since last request: 0.000170 seconds.
  path: Assets/Sprites/ButtonThumbstickUpSprite.png
  artifactKey: Guid(9866a92691696b346901281f2b329034) Importer(815301076,1909f56bfc062723c751e8b465ee728b)
Start importing Assets/Sprites/ButtonThumbstickUpSprite.png using Guid(9866a92691696b346901281f2b329034) Importer(815301076,1909f56bfc062723c751e8b465ee728b)  -> (artifact id: '2ccf19d9cb0741bd6d966e3731586e98') in 0.014192 seconds
  Import took 0.017315 seconds .

========================================================================
Received Import Request.
  Time since last request: 0.000163 seconds.
  path: Assets/Sprites/ButtonResetSprite.png
  artifactKey: Guid(a94c9a7eb94ceec4a8d67a1890e22e51) Importer(815301076,1909f56bfc062723c751e8b465ee728b)
Start importing Assets/Sprites/ButtonResetSprite.png using Guid(a94c9a7eb94ceec4a8d67a1890e22e51) Importer(815301076,1909f56bfc062723c751e8b465ee728b)  -> (artifact id: '2c30e9075e32661ff53cd041327faaf8') in 0.014373 seconds
  Import took 0.017024 seconds .

========================================================================
Received Import Request.
  Time since last request: 0.000187 seconds.
  path: Assets/Sprites/ButtonArrowUpSprite.png
  artifactKey: Guid(4db017495c69e8140a56a0e2b669e3f8) Importer(815301076,1909f56bfc062723c751e8b465ee728b)
Start importing Assets/Sprites/ButtonArrowUpSprite.png using Guid(4db017495c69e8140a56a0e2b669e3f8) Importer(815301076,1909f56bfc062723c751e8b465ee728b)  -> (artifact id: 'b38672b85e9608e9253488f7e9dbe5ad') in 0.015750 seconds
  Import took 0.021029 seconds .

========================================================================
Received Import Request.
  Time since last request: 0.000183 seconds.
  path: Assets/Sprites/ButtonAcceleratorOverSprite.png
  artifactKey: Guid(eb5f6e2757c821940b69cf1456f7865a) Importer(815301076,1909f56bfc062723c751e8b465ee728b)
Start importing Assets/Sprites/ButtonAcceleratorOverSprite.png using Guid(eb5f6e2757c821940b69cf1456f7865a) Importer(815301076,1909f56bfc062723c751e8b465ee728b)  -> (artifact id: '77f0916361567c11b532757af9aebcc2') in 0.031154 seconds
  Import took 0.034885 seconds .

========================================================================
Received Import Request.
  Time since last request: 0.000213 seconds.
  path: Assets/Sprites/American_Classics_14.jpg
  artifactKey: Guid(a0cf09b014805e848a3558e6fb5d2aa9) Importer(815301076,1909f56bfc062723c751e8b465ee728b)
Start importing Assets/Sprites/American_Classics_14.jpg using Guid(a0cf09b014805e848a3558e6fb5d2aa9) Importer(815301076,1909f56bfc062723c751e8b465ee728b)  -> (artifact id: 'd1dd163837ecb904f708c8411112c512') in 0.020415 seconds
  Import took 0.023647 seconds .

========================================================================
Received Import Request.
  Time since last request: 0.000174 seconds.
  path: Assets/Sprites/ButtonCameraCycleUpSprite.png
  artifactKey: Guid(a3983c59ebf804b4abba687bd7c9e92f) Importer(815301076,1909f56bfc062723c751e8b465ee728b)
Start importing Assets/Sprites/ButtonCameraCycleUpSprite.png using Guid(a3983c59ebf804b4abba687bd7c9e92f) Importer(815301076,1909f56bfc062723c751e8b465ee728b)  -> (artifact id: '86de53acae976fecdbade107f38d24a1') in 0.014977 seconds
  Import took 0.018002 seconds .

========================================================================
Received Import Request.
  Time since last request: 0.000149 seconds.
  path: Assets/Sprites/Race-Track-Transparent-Background-PNG.png
  artifactKey: Guid(c92018fcc6c84e147a95c1ec0b6a7530) Importer(815301076,1909f56bfc062723c751e8b465ee728b)
Start importing Assets/Sprites/Race-Track-Transparent-Background-PNG.png using Guid(c92018fcc6c84e147a95c1ec0b6a7530) Importer(815301076,1909f56bfc062723c751e8b465ee728b)  -> (artifact id: 'b38d060fbe64697104f1a932b43fc47c') in 0.015397 seconds
  Import took 0.018180 seconds .

========================================================================
Received Import Request.
  Time since last request: 0.000156 seconds.
  path: Assets/Sprites/border.png
  artifactKey: Guid(93737c26d3077844ab1c66777342eb51) Importer(815301076,1909f56bfc062723c751e8b465ee728b)
Start importing Assets/Sprites/border.png using Guid(93737c26d3077844ab1c66777342eb51) Importer(815301076,1909f56bfc062723c751e8b465ee728b)  -> (artifact id: 'a6348888c41c7cf6a9665b07b303ec16') in 0.016403 seconds
  Import took 0.019321 seconds .

========================================================================
Received Import Request.
  Time since last request: 0.000155 seconds.
  path: Assets/Sprites/TouchpadSprite.png
  artifactKey: Guid(e4f1fee3de32377429fd1348fae62b10) Importer(815301076,1909f56bfc062723c751e8b465ee728b)
Start importing Assets/Sprites/TouchpadSprite.png using Guid(e4f1fee3de32377429fd1348fae62b10) Importer(815301076,1909f56bfc062723c751e8b465ee728b)  -> (artifact id: '78bee20ffd6d7dbc36839fda3a36a21a') in 0.012470 seconds
  Import took 0.015993 seconds .

========================================================================
Received Import Request.
  Time since last request: 0.000176 seconds.
  path: Assets/Sprites/ButtonAcceleratorUpSprite.png
  artifactKey: Guid(f588d850485d0ae479d73cf3bd0b7b00) Importer(815301076,1909f56bfc062723c751e8b465ee728b)
Start importing Assets/Sprites/ButtonAcceleratorUpSprite.png using Guid(f588d850485d0ae479d73cf3bd0b7b00) Importer(815301076,1909f56bfc062723c751e8b465ee728b)  -> (artifact id: '47e72d844acc3052aafacdcfefb0aad7') in 0.013061 seconds
  Import took 0.016456 seconds .

========================================================================
Received Import Request.
  Time since last request: 0.008272 seconds.
  path: Assets/Sprites/TouchpadSprite.png
  artifactKey: Guid(e4f1fee3de32377429fd1348fae62b10) Importer(815301076,1909f56bfc062723c751e8b465ee728b)
Start importing Assets/Sprites/TouchpadSprite.png using Guid(e4f1fee3de32377429fd1348fae62b10) Importer(815301076,1909f56bfc062723c751e8b465ee728b)  -> (artifact id: '78bee20ffd6d7dbc36839fda3a36a21a') in 0.007921 seconds
  Import took 0.010922 seconds .

========================================================================
Received Prepare
Registering precompiled user dll's ...
Registered in 0.003080 seconds.
Begin MonoManager ReloadAssembly
Native extension for WindowsStandalone target not found
Refreshing native plugins compatible for Editor in 0.82 ms, found 0 plugins.
Preloading 0 native plugins for Editor in 0.00 ms.
Mono: successfully reloaded assembly
- Completed reload, in  1.010 seconds
Platform modules already initialized, skipping
Refreshing native plugins compatible for Editor in 0.60 ms, found 0 plugins.
Preloading 0 native plugins for Editor in 0.00 ms.
Unloading 1704 Unused Serialized files (Serialized files now loaded: 0)
System memory in use before: 120.0 MB.
System memory in use after: 120.1 MB.

Unloading 33 unused Assets to reduce memory usage. Loaded Objects now: 2291.
Total: 5.310800 ms (FindLiveObjects: 0.219300 ms CreateObjectMapping: 0.057900 ms MarkObjects: 4.980500 ms  DeleteObjects: 0.051800 ms)

AssetImportWorkerClient::OnTransportError - code=2 error=End of file
