Using pre-set license
Desktop is 1366 x 768 @ 60 Hz

 COMMAND LINE ARGUMENTS:
Unity
-adb2
-batchMode
-noUpm
-name
AssetImportWorker1
-projectPath
/home/thiago/UnityGames/fastlap
-logFile
Logs/AssetImportWorker1.log
-srvPort
34653
Successfully changed project path to: /home/thiago/UnityGames/fastlap
/home/thiago/UnityGames/fastlap
Using Asset Import Pipeline V2.
Refreshing native plugins compatible for Editor in 76,01 ms, found 0 plugins.
Preloading 0 native plugins for Editor in 0,00 ms.
Initialize engine version: 2020.3.3f1 (76626098c1c4)
[Subsystems] Discovering subsystems at path /home/thiago/Unity/Hub/Editor/2020.3.3f1/Editor/Data/Resources/UnitySubsystems
[Subsystems] Discovering subsystems at path /home/thiago/UnityGames/fastlap/Assets
GLX Extensions: GLX_ARB_create_context GLX_ARB_create_context_no_error GLX_ARB_create_context_profile GLX_ARB_create_context_robustness GLX_ARB_fbconfig_float GLX_ARB_framebuffer_sRGB GLX_ARB_get_proc_address GLX_ARB_multisample GLX_EXT_buffer_age GLX_EXT_create_context_es2_profile GLX_EXT_create_context_es_profile GLX_EXT_fbconfig_packed_float GLX_EXT_framebuffer_sRGB GLX_EXT_import_context GLX_EXT_texture_from_pixmap GLX_EXT_visual_info GLX_EXT_visual_rating GLX_INTEL_swap_event GLX_MESA_copy_sub_buffer GLX_MESA_query_renderer GLX_MESA_swap_control GLX_OML_swap_method GLX_OML_sync_control GLX_SGIS_multisample GLX_SGIX_fbconfig GLX_SGIX_pbuffer GLX_SGIX_visual_select_group GLX_SGI_make_current_read GLX_SGI_swap_control GLX_SGI_video_sync 
Renderer: Mesa Intel(R) UHD Graphics 620 (WHL GT2)
Vendor:   Intel
Version:  4.6 (Core Profile) Mesa 20.2.6
GLES:     0
 GL_3DFX_texture_compression_FXT1 GL_AMD_conservative_depth GL_AMD_depth_clamp_separate GL_AMD_draw_buffers_blend GL_AMD_gpu_shader_int64 GL_AMD_multi_draw_indirect GL_AMD_performance_monitor GL_AMD_pinned_memory GL_AMD_query_buffer_object GL_AMD_seamless_cubemap_per_texture GL_AMD_shader_stencil_export GL_AMD_shader_trinary_minmax GL_AMD_texture_texture4 GL_AMD_vertex_shader_layer GL_AMD_vertex_shader_viewport_index GL_ANGLE_texture_compression_dxt3 GL_ANGLE_texture_compression_dxt5 GL_ARB_ES2_compatibility GL_ARB_ES3_1_compatibility GL_ARB_ES3_2_compatibility GL_ARB_ES3_compatibility GL_ARB_arrays_of_arrays GL_ARB_base_instance GL_ARB_blend_func_extended GL_ARB_buffer_storage GL_ARB_clear_buffer_object GL_ARB_clear_texture GL_ARB_clip_control GL_ARB_compressed_texture_pixel_storage GL_ARB_compute_shader GL_ARB_compute_variable_group_size GL_ARB_conditional_render_inverted GL_ARB_conservative_depth GL_ARB_copy_buffer GL_ARB_copy_image GL_ARB_cull_distance GL_ARB_debug_output GL_ARB_depth_buffer_float GL_ARB
_depth_clamp GL_ARB_derivative_control GL_ARB_direct_state_access GL_ARB_draw_buffers GL_ARB_draw_buffers_blend GL_ARB_draw_elements_base_vertex GL_ARB_draw_indirect GL_ARB_draw_instanced GL_ARB_enhanced_layouts GL_ARB_explicit_attrib_location GL_ARB_explicit_uniform_location GL_ARB_fragment_coord_conventions GL_ARB_fragment_layer_viewport GL_ARB_fragment_shader GL_ARB_fragment_shader_interlock GL_ARB_framebuffer_no_attachments GL_ARB_framebuffer_object GL_ARB_framebuffer_sRGB GL_ARB_get_program_binary GL_ARB_get_texture_sub_image GL_ARB_gl_spirv GL_ARB_gpu_shader5 GL_ARB_gpu_shader_fp64 GL_ARB_gpu_shader_int64 GL_ARB_half_float_pixel GL_ARB_half_float_vertex GL_ARB_indirect_parameters GL_ARB_instanced_arrays GL_ARB_internalformat_query GL_ARB_internalformat_query2 GL_ARB_invalidate_subdata GL_ARB_map_buffer_alignment GL_ARB_map_buffer_range GL_ARB_multi_bind GL_ARB_multi_draw_indirect GL_ARB_occlusion_query2 GL_ARB_parallel_shader_compile GL_ARB_pipeline_statistics_query GL_ARB_pixel_buffer_object GL_ARB_po
int_sprite GL_ARB_polygon_offset_clamp GL_ARB_post_depth_coverage GL_ARB_program_interface_query GL_ARB_provoking_vertex GL_ARB_query_buffer_object GL_ARB_robust_buffer_access_behavior GL_ARB_robustness GL_ARB_sample_shading GL_ARB_sampler_objects GL_ARB_seamless_cube_map GL_ARB_seamless_cubemap_per_texture GL_ARB_separate_shader_objects GL_ARB_shader_atomic_counter_ops GL_ARB_shader_atomic_counters GL_ARB_shader_ballot GL_ARB_shader_bit_encoding GL_ARB_shader_clock GL_ARB_shader_draw_parameters GL_ARB_shader_group_vote GL_ARB_shader_image_load_store GL_ARB_shader_image_size GL_ARB_shader_objects GL_ARB_shader_precision GL_ARB_shader_stencil_export GL_ARB_shader_storage_buffer_object GL_ARB_shader_subroutine GL_ARB_shader_texture_image_samples GL_ARB_shader_texture_lod GL_ARB_shader_viewport_layer_array GL_ARB_shading_language_420pack GL_ARB_shading_language_include GL_ARB_shading_language_packing GL_ARB_spirv_extensions GL_ARB_stencil_texturing GL_ARB_sync GL_ARB_tessellation_shader GL_ARB_texture_barrier G
L_ARB_texture_buffer_object GL_ARB_texture_buffer_object_rgb32 GL_ARB_texture_buffer_range GL_ARB_texture_compression_bptc GL_ARB_texture_compression_rgtc GL_ARB_texture_cube_map_array GL_ARB_texture_filter_anisotropic GL_ARB_texture_float GL_ARB_texture_gather GL_ARB_texture_mirror_clamp_to_edge GL_ARB_texture_multisample GL_ARB_texture_non_power_of_two GL_ARB_texture_query_levels GL_ARB_texture_query_lod GL_ARB_texture_rectangle GL_ARB_texture_rg GL_ARB_texture_rgb10_a2ui GL_ARB_texture_stencil8 GL_ARB_texture_storage GL_ARB_texture_storage_multisample GL_ARB_texture_swizzle GL_ARB_texture_view GL_ARB_timer_query GL_ARB_transform_feedback2 GL_ARB_transform_feedback3 GL_ARB_transform_feedback_instanced GL_ARB_transform_feedback_overflow_query GL_ARB_uniform_buffer_object GL_ARB_vertex_array_bgra GL_ARB_vertex_array_object GL_ARB_vertex_attrib_64bit GL_ARB_vertex_attrib_binding GL_ARB_vertex_buffer_object GL_ARB_vertex_shader GL_ARB_vertex_type_10f_11f_11f_rev GL_ARB_vertex_type_2_10_10_10_rev GL_ARB_viewpor
t_array GL_ATI_blend_equation_separate GL_ATI_texture_float GL_EXT_EGL_image_storage GL_EXT_EGL_sync GL_EXT_abgr GL_EXT_blend_equation_separate GL_EXT_demote_to_helper_invocation GL_EXT_draw_buffers2 GL_EXT_draw_instanced GL_EXT_framebuffer_blit GL_EXT_framebuffer_multisample GL_EXT_framebuffer_multisample_blit_scaled GL_EXT_framebuffer_object GL_EXT_framebuffer_sRGB GL_EXT_packed_depth_stencil GL_EXT_packed_float GL_EXT_pixel_buffer_object GL_EXT_polygon_offset_clamp GL_EXT_provoking_vertex GL_EXT_shader_framebuffer_fetch GL_EXT_shader_framebuffer_fetch_non_coherent GL_EXT_shader_integer_mix GL_EXT_shader_samples_identical GL_EXT_texture_array GL_EXT_texture_compression_dxt1 GL_EXT_texture_compression_rgtc GL_EXT_texture_compression_s3tc GL_EXT_texture_filter_anisotropic GL_EXT_texture_integer GL_EXT_texture_sRGB GL_EXT_texture_sRGB_R8 GL_EXT_texture_sRGB_decode GL_EXT_texture_shadow_lod GL_EXT_texture_shared_exponent GL_EXT_texture_snorm GL_EXT_texture_swizzle GL_EXT_timer_query GL_EXT_transform_feedback G
L_EXT_vertex_array_bgra GL_EXT_vertex_attrib_64bit GL_IBM_multimode_draw_arrays GL_INTEL_blackhole_render GL_INTEL_conservative_rasterization GL_INTEL_performance_query GL_INTEL_shader_atomic_float_minmax GL_INTEL_shader_integer_functions2 GL_KHR_blend_equation_advanced GL_KHR_blend_equation_advanced_coherent GL_KHR_context_flush_control GL_KHR_debug GL_KHR_no_error GL_KHR_parallel_shader_compile GL_KHR_robust_buffer_access_behavior GL_KHR_robustness GL_KHR_texture_compression_astc_ldr GL_KHR_texture_compression_astc_sliced_3d GL_MESA_framebuffer_flip_y GL_MESA_pack_invert GL_MESA_shader_integer_functions GL_MESA_texture_signed_rgba GL_NV_compute_shader_derivatives GL_NV_conditional_render GL_NV_copy_image GL_NV_depth_clamp GL_NV_fragment_shader_interlock GL_NV_packed_depth_stencil GL_NV_texture_barrier GL_OES_EGL_image GL_S3_s3tc
OPENGL LOG: Creating OpenGL 4.6 graphics device ; Context level  <OpenGL 4.5> ; Context handle -1774072368
Initialize mono
Mono path[0] = '/home/thiago/Unity/Hub/Editor/2020.3.3f1/Editor/Data/Managed'
Mono path[1] = '/home/thiago/Unity/Hub/Editor/2020.3.3f1/Editor/Data/MonoBleedingEdge/lib/mono/unityjit'
Mono config path = '/home/thiago/Unity/Hub/Editor/2020.3.3f1/Editor/Data/MonoBleedingEdge/etc'
Using monoOptions --debugger-agent=transport=dt_socket,embedding=1,server=y,suspend=n,address=127.0.0.1:56470
Begin MonoManager ReloadAssembly
Registering precompiled unity dll's ...
Register platform support module: /home/thiago/Unity/Hub/Editor/2020.3.3f1/Editor/Data/PlaybackEngines/LinuxStandaloneSupport/UnityEditor.LinuxStandalone.Extensions.dll
Registered in 0,001331 seconds.
Native extension for LinuxStandalone target not found
Refreshing native plugins compatible for Editor in 84,35 ms, found 0 plugins.
Preloading 0 native plugins for Editor in 0,00 ms.
Invoked RoslynAnalysisRunner static constructor.
RoslynAnalysisRunner will not be running.
RoslynAnalysisRunner has terminated.
Mono: successfully reloaded assembly
- Completed reload, in  1,215 seconds
Platform modules already initialized, skipping
Registering precompiled user dll's ...
Registered in 0,001474 seconds.
Begin MonoManager ReloadAssembly
Native extension for LinuxStandalone target not found
Refreshing native plugins compatible for Editor in 0,60 ms, found 0 plugins.
Preloading 0 native plugins for Editor in 0,00 ms.
Invoked RoslynAnalysisRunner static constructor.
RoslynAnalysisRunner will not be running.
RoslynAnalysisRunner has terminated.
Mono: successfully reloaded assembly
- Completed reload, in  1,111 seconds
Platform modules already initialized, skipping
========================================================================
Worker process is ready to serve import requests
Launched and connected shader compiler UnityShaderCompiler after 0.03 seconds
Refreshing native plugins compatible for Editor in 0,80 ms, found 0 plugins.
Preloading 0 native plugins for Editor in 0,00 ms.
Unloading 1726 Unused Serialized files (Serialized files now loaded: 0)
System memory in use before: 108,0 MB.
System memory in use after: 108,0 MB.

Unloading 42 unused Assets to reduce memory usage. Loaded Objects now: 2188.
Total: 14,978886 ms (FindLiveObjects: 0,303922 ms CreateObjectMapping: 0,108139 ms MarkObjects: 14,209139 ms  DeleteObjects: 0,355774 ms)

========================================================================
Received Import Request.
  path: Assets/New Terrain 6.asset
  artifactKey: Guid(c2a9e5a1306977b4ca69a7b9833db8d8) Importer(815301076,1909f56bfc062723c751e8b465ee728b)
Start importing Assets/New Terrain 6.asset using Guid(c2a9e5a1306977b4ca69a7b9833db8d8) Importer(815301076,1909f56bfc062723c751e8b465ee728b)  -> (artifact id: '048c00000695ea8ff0f3921d120992e9') in 0,093270 seconds
  Import took 0,218863 seconds .

========================================================================
Received Import Request.
  Time since last request: 0,000351 seconds.
  path: Assets/New Terrain 2.asset
  artifactKey: Guid(5b6f244831a97ed479317655664eac9e) Importer(815301076,1909f56bfc062723c751e8b465ee728b)
Start importing Assets/New Terrain 2.asset using Guid(5b6f244831a97ed479317655664eac9e) Importer(815301076,1909f56bfc062723c751e8b465ee728b)  -> (artifact id: '2bf37bb573d042d2d8553ba97c2a8bd1') in 0,004976 seconds
  Import took 0,008692 seconds .

========================================================================
Received Import Request.
  Time since last request: 0,000278 seconds.
  path: Assets/TerrainData_eab9a9c0-18d0-4ae8-abc7-0a887765a6fb.asset
  artifactKey: Guid(1f184159fa71e41429de6ba478cfdacc) Importer(815301076,1909f56bfc062723c751e8b465ee728b)
Start importing Assets/TerrainData_eab9a9c0-18d0-4ae8-abc7-0a887765a6fb.asset using Guid(1f184159fa71e41429de6ba478cfdacc) Importer(815301076,1909f56bfc062723c751e8b465ee728b)  -> (artifact id: '267722cca246a420d53f1f18fc20e8a4') in 0,005325 seconds
  Import took 0,009158 seconds .

========================================================================
Received Import Request.
  Time since last request: 0,000327 seconds.
  path: Assets/New Terrain 8.asset
  artifactKey: Guid(0dc9d34e911c0cb46a3f8190886a0086) Importer(815301076,1909f56bfc062723c751e8b465ee728b)
Start importing Assets/New Terrain 8.asset using Guid(0dc9d34e911c0cb46a3f8190886a0086) Importer(815301076,1909f56bfc062723c751e8b465ee728b)  -> (artifact id: '2cf9df50dad18f65af272bc6bbc8c2a0') in 0,004965 seconds
  Import took 0,009256 seconds .

========================================================================
Received Import Request.
  Time since last request: 0,000310 seconds.
  path: Assets/TerrainData_fb9caa66-7874-4a8a-ae88-07c5946e46c7.asset
  artifactKey: Guid(0cde5c10c7f7cfc4cbf605b5170d896e) Importer(815301076,1909f56bfc062723c751e8b465ee728b)
Start importing Assets/TerrainData_fb9caa66-7874-4a8a-ae88-07c5946e46c7.asset using Guid(0cde5c10c7f7cfc4cbf605b5170d896e) Importer(815301076,1909f56bfc062723c751e8b465ee728b)  -> (artifact id: '7f732ff9bd3a5f82ec4e9abef8ea7b76') in 0,004962 seconds
  Import took 0,008734 seconds .

========================================================================
Received Import Request.
  Time since last request: 0,000297 seconds.
  path: Assets/TerrainData_b1e7ce95-1fdc-4890-aade-9c4a5ffd8a6f.asset
  artifactKey: Guid(7845be204683a944b81ab5d543592166) Importer(815301076,1909f56bfc062723c751e8b465ee728b)
Start importing Assets/TerrainData_b1e7ce95-1fdc-4890-aade-9c4a5ffd8a6f.asset using Guid(7845be204683a944b81ab5d543592166) Importer(815301076,1909f56bfc062723c751e8b465ee728b)  -> (artifact id: '6241c6d8588a9030c4b38e16457d68cb') in 0,004873 seconds
  Import took 0,028196 seconds .

========================================================================
Received Import Request.
  Time since last request: 0,000229 seconds.
  path: Assets/minimap.renderTexture
  artifactKey: Guid(91b7c79a092cc8e428881b98f5dbe6cf) Importer(815301076,1909f56bfc062723c751e8b465ee728b)
Start importing Assets/minimap.renderTexture using Guid(91b7c79a092cc8e428881b98f5dbe6cf) Importer(815301076,1909f56bfc062723c751e8b465ee728b)  -> (artifact id: '6793dc7c4151f8faae203a229f3aecb2') in 0,332874 seconds
  Import took 0,337159 seconds .

========================================================================
Received Import Request.
  Time since last request: 0,000305 seconds.
  path: Assets/New Terrain 5.asset
  artifactKey: Guid(9425de57541727142aaacf1f7cd4ba98) Importer(815301076,1909f56bfc062723c751e8b465ee728b)
Start importing Assets/New Terrain 5.asset using Guid(9425de57541727142aaacf1f7cd4ba98) Importer(815301076,1909f56bfc062723c751e8b465ee728b)  -> (artifact id: '5b6ad19be2054800136cbe209ac3a1ed') in 0,007013 seconds
  Import took 0,073293 seconds .

========================================================================
Received Import Request.
  Time since last request: 0,000248 seconds.
  path: Assets/TerrainData_542eb02d-3559-47f9-95b7-7bbcb1713264.asset
  artifactKey: Guid(2a5e08fc59f43a344ae6baac909491fb) Importer(815301076,1909f56bfc062723c751e8b465ee728b)
Start importing Assets/TerrainData_542eb02d-3559-47f9-95b7-7bbcb1713264.asset using Guid(2a5e08fc59f43a344ae6baac909491fb) Importer(815301076,1909f56bfc062723c751e8b465ee728b)  -> (artifact id: '4b6ed3d5e7443a01e3574db036091860') in 0,006518 seconds
  Import took 0,010923 seconds .

========================================================================
Received Import Request.
  Time since last request: 0,000155 seconds.
  path: Assets/New Terrain 9.asset
  artifactKey: Guid(b12031282d6eb024cb489da4b69330b6) Importer(815301076,1909f56bfc062723c751e8b465ee728b)
Start importing Assets/New Terrain 9.asset using Guid(b12031282d6eb024cb489da4b69330b6) Importer(815301076,1909f56bfc062723c751e8b465ee728b)  -> (artifact id: 'e0e801504dcc809c24933db3aa8a5f83') in 0,232030 seconds
  Import took 0,236227 seconds .

========================================================================
Received Import Request.
  Time since last request: 0,000265 seconds.
  path: Assets/New Terrain 4.asset
  artifactKey: Guid(c377d03f845c66141b88d9e504f20f2c) Importer(815301076,1909f56bfc062723c751e8b465ee728b)
Start importing Assets/New Terrain 4.asset using Guid(c377d03f845c66141b88d9e504f20f2c) Importer(815301076,1909f56bfc062723c751e8b465ee728b)  -> (artifact id: 'c57eb0836c2594bfef54bd37ec3bb981') in 0,005236 seconds
  Import took 0,009377 seconds .

========================================================================
Received Import Request.
  Time since last request: 0,000275 seconds.
  path: Assets/TerrainData_2157d651-07f0-4179-baad-543217a1b361.asset
  artifactKey: Guid(3684d772bfb3b2242a2a6f37f802bf2b) Importer(815301076,1909f56bfc062723c751e8b465ee728b)
Start importing Assets/TerrainData_2157d651-07f0-4179-baad-543217a1b361.asset using Guid(3684d772bfb3b2242a2a6f37f802bf2b) Importer(815301076,1909f56bfc062723c751e8b465ee728b)  -> (artifact id: 'de679dc6666db1076976b09e8d37cb75') in 0,005566 seconds
  Import took 0,009823 seconds .

========================================================================
Received Import Request.
  Time since last request: 0,000231 seconds.
  path: Assets/New Terrain 7.asset
  artifactKey: Guid(a44e29862ef9e5f49b6054633a0280eb) Importer(815301076,1909f56bfc062723c751e8b465ee728b)
Start importing Assets/New Terrain 7.asset using Guid(a44e29862ef9e5f49b6054633a0280eb) Importer(815301076,1909f56bfc062723c751e8b465ee728b)  -> (artifact id: '3706707468b5b88c98f1da7aec75936e') in 0,005196 seconds
  Import took 0,009408 seconds .

========================================================================
Received Import Request.
  Time since last request: 0,000309 seconds.
  path: Assets/New Terrain 3.asset
  artifactKey: Guid(59480816a6c04ab489fea00343b2c775) Importer(815301076,1909f56bfc062723c751e8b465ee728b)
Start importing Assets/New Terrain 3.asset using Guid(59480816a6c04ab489fea00343b2c775) Importer(815301076,1909f56bfc062723c751e8b465ee728b)  -> (artifact id: '70637c0cda251c4f3b7cc39e54148bf8') in 0,004916 seconds
  Import took 0,008714 seconds .

========================================================================
Received Prepare
Refreshing native plugins compatible for Editor in 14,15 ms, found 0 plugins.
Preloading 0 native plugins for Editor in 0,00 ms.
Unloading 31 Unused Serialized files (Serialized files now loaded: 0)
System memory in use before: 74,5 MB.
System memory in use after: 74,5 MB.

Unloading 31 unused Assets to reduce memory usage. Loaded Objects now: 2193.
Total: 10,449294 ms (FindLiveObjects: 0,229152 ms CreateObjectMapping: 0,072702 ms MarkObjects: 10,038437 ms  DeleteObjects: 0,106570 ms)

========================================================================
Received Prepare
Registering precompiled user dll's ...
Registered in 0,001462 seconds.
Begin MonoManager ReloadAssembly
Native extension for LinuxStandalone target not found
Refreshing native plugins compatible for Editor in 1,30 ms, found 0 plugins.
Preloading 0 native plugins for Editor in 0,00 ms.
Invoked RoslynAnalysisRunner static constructor.
RoslynAnalysisRunner will not be running.
RoslynAnalysisRunner has terminated.
Mono: successfully reloaded assembly
- Completed reload, in  1,507 seconds
Platform modules already initialized, skipping
Refreshing native plugins compatible for Editor in 1,59 ms, found 0 plugins.
Preloading 0 native plugins for Editor in 0,00 ms.
Unloading 1704 Unused Serialized files (Serialized files now loaded: 0)
System memory in use before: 109,8 MB.
System memory in use after: 109,8 MB.

Unloading 33 unused Assets to reduce memory usage. Loaded Objects now: 2196.
Total: 19,998421 ms (FindLiveObjects: 0,788831 ms CreateObjectMapping: 0,377750 ms MarkObjects: 18,673215 ms  DeleteObjects: 0,155069 ms)

========================================================================
Received Prepare
Registering precompiled user dll's ...
Registered in 0,001151 seconds.
Begin MonoManager ReloadAssembly
Native extension for LinuxStandalone target not found
Refreshing native plugins compatible for Editor in 0,67 ms, found 0 plugins.
Preloading 0 native plugins for Editor in 0,00 ms.
Invoked RoslynAnalysisRunner static constructor.
RoslynAnalysisRunner will not be running.
RoslynAnalysisRunner has terminated.
Mono: successfully reloaded assembly
- Completed reload, in  1,076 seconds
Platform modules already initialized, skipping
Refreshing native plugins compatible for Editor in 0,70 ms, found 0 plugins.
Preloading 0 native plugins for Editor in 0,00 ms.
Unloading 1704 Unused Serialized files (Serialized files now loaded: 0)
System memory in use before: 109,8 MB.
System memory in use after: 109,8 MB.

Unloading 33 unused Assets to reduce memory usage. Loaded Objects now: 2199.
Total: 10,985859 ms (FindLiveObjects: 0,217111 ms CreateObjectMapping: 0,071923 ms MarkObjects: 10,575161 ms  DeleteObjects: 0,118979 ms)

AssetImportWorkerClient::OnTransportError - code=2 error=End of file
